  Background.cpp
  Enemy.cpp
C:\Users\wouter\Documents\breda_project\breda_project\Project_Breda\Project_Breda\Enemy.h(39,18): warning C4244: 'initializing': conversion from 'double' to 'int', possible loss of data
C:\Users\wouter\Documents\breda_project\breda_project\Project_Breda\Project_Breda\Enemy.cpp(140,23): warning C4244: 'argument': conversion from 'time_t' to 'unsigned int', possible loss of data
C:\Users\wouter\Documents\breda_project\breda_project\Project_Breda\Project_Breda\Enemy.cpp(143,21): warning C4244: 'initializing': conversion from 'int' to 'float', possible loss of data
C:\Users\wouter\Documents\breda_project\breda_project\Project_Breda\Project_Breda\Enemy.cpp(144,21): warning C4244: 'initializing': conversion from 'int' to 'float', possible loss of data
C:\Users\wouter\Documents\breda_project\breda_project\Project_Breda\Project_Breda\Enemy.cpp(152,23): warning C4244: 'initializing': conversion from 'int' to 'float', possible loss of data
C:\Users\wouter\Documents\breda_project\breda_project\Project_Breda\Project_Breda\Enemy.cpp(153,47): warning C4244: 'argument': conversion from 'float' to 'T', possible loss of data
          with
          [
              T=int
          ]
C:\Users\wouter\Documents\breda_project\breda_project\Project_Breda\Project_Breda\SFMLMath.hpp(143,25): warning C4244: 'argument': conversion from 'const double' to 'T', possible loss of data
          with
          [
              T=float
          ]
C:\Users\wouter\Documents\breda_project\breda_project\Project_Breda\Project_Breda\Enemy.cpp(81): message : see reference to function template instantiation 'T sf::getNormalized<sf::Vector2<float>>(const T &)' being compiled
          with
          [
              T=sf::Vector2<float>
          ]
C:\Users\wouter\Documents\breda_project\breda_project\Project_Breda\Project_Breda\SFMLMath.hpp(143,19): warning C4244: 'argument': conversion from 'const double' to 'T', possible loss of data
          with
          [
              T=float
          ]
  Intro.cpp
C:\Users\wouter\Documents\breda_project\breda_project\Project_Breda\Project_Breda\Intro.cpp(38,26): warning C4305: 'argument': truncation from 'double' to 'float'
  Player.cpp
C:\Users\wouter\Documents\breda_project\breda_project\Project_Breda\Project_Breda\Player.cpp(128,31): warning C4305: 'initializing': truncation from 'double' to 'float'
C:\Users\wouter\Documents\breda_project\breda_project\Project_Breda\Project_Breda\Player.cpp(226,37): warning C4305: 'initializing': truncation from 'double' to 'float'
C:\Users\wouter\Documents\breda_project\breda_project\Project_Breda\Project_Breda\SFMLMath.hpp(143,25): warning C4244: 'argument': conversion from 'const double' to 'T', possible loss of data
          with
          [
              T=float
          ]
C:\Users\wouter\Documents\breda_project\breda_project\Project_Breda\Project_Breda\Player.cpp(213): message : see reference to function template instantiation 'T sf::getNormalized<sf::Vector2f>(const T &)' being compiled
          with
          [
              T=sf::Vector2f
          ]
C:\Users\wouter\Documents\breda_project\breda_project\Project_Breda\Project_Breda\SFMLMath.hpp(143,19): warning C4244: 'argument': conversion from 'const double' to 'T', possible loss of data
          with
          [
              T=float
          ]
  main.cpp
C:\Users\wouter\Documents\breda_project\breda_project\Project_Breda\Project_Breda\Enemy.h(39,18): warning C4244: 'initializing': conversion from 'double' to 'int', possible loss of data
  Generating code
  4 of 174 functions ( 2.3%) were compiled, the rest were copied from previous compilation.
    0 functions were new in current compilation
    1 functions had inline decision re-evaluated but remain unchanged
  Finished generating code
  Project_Breda.vcxproj -> C:\Users\wouter\Documents\breda_project\breda_project\Project_Breda\x64\Release\Project_Breda.exe
