c:\users\wouter\documents\breda_project\breda_project\project_breda\project_breda\x64\release\vc143.pdb
c:\users\wouter\documents\breda_project\breda_project\project_breda\project_breda\x64\release\weapon.obj
c:\users\wouter\documents\breda_project\breda_project\project_breda\project_breda\x64\release\ui.obj
c:\users\wouter\documents\breda_project\breda_project\project_breda\project_breda\x64\release\trail.obj
c:\users\wouter\documents\breda_project\breda_project\project_breda\project_breda\x64\release\main.obj
c:\users\wouter\documents\breda_project\breda_project\project_breda\project_breda\x64\release\player.obj
c:\users\wouter\documents\breda_project\breda_project\project_breda\project_breda\x64\release\intro.obj
c:\users\wouter\documents\breda_project\breda_project\project_breda\project_breda\x64\release\health.obj
c:\users\wouter\documents\breda_project\breda_project\project_breda\project_breda\x64\release\entity.obj
c:\users\wouter\documents\breda_project\breda_project\project_breda\project_breda\x64\release\enemy.obj
c:\users\wouter\documents\breda_project\breda_project\project_breda\project_breda\x64\release\background.obj
c:\users\wouter\documents\breda_project\breda_project\project_breda\x64\release\project_breda.exe
c:\users\wouter\documents\breda_project\breda_project\project_breda\project_breda\x64\release\project_breda.ipdb
c:\users\wouter\documents\breda_project\breda_project\project_breda\x64\release\project_breda.pdb
c:\users\wouter\documents\breda_project\breda_project\project_breda\project_breda\x64\release\project_breda.iobj
c:\users\wouter\documents\breda_project\breda_project\project_breda\project_breda\x64\release\project_breda.tlog\cl.command.1.tlog
c:\users\wouter\documents\breda_project\breda_project\project_breda\project_breda\x64\release\project_breda.tlog\cl.read.1.tlog
c:\users\wouter\documents\breda_project\breda_project\project_breda\project_breda\x64\release\project_breda.tlog\cl.write.1.tlog
c:\users\wouter\documents\breda_project\breda_project\project_breda\project_breda\x64\release\project_breda.tlog\link.command.1.tlog
c:\users\wouter\documents\breda_project\breda_project\project_breda\project_breda\x64\release\project_breda.tlog\link.read.1.tlog
c:\users\wouter\documents\breda_project\breda_project\project_breda\project_breda\x64\release\project_breda.tlog\link.write.1.tlog
