c:\users\wouter\documents\breda_project\breda_project\project_breda\project_breda\x64\debug\vc143.pdb
c:\users\wouter\documents\breda_project\breda_project\project_breda\project_breda\x64\debug\vc143.idb
c:\users\wouter\documents\breda_project\breda_project\project_breda\project_breda\x64\debug\weapon.obj
c:\users\wouter\documents\breda_project\breda_project\project_breda\project_breda\x64\debug\ui.obj
c:\users\wouter\documents\breda_project\breda_project\project_breda\project_breda\x64\debug\trail.obj
c:\users\wouter\documents\breda_project\breda_project\project_breda\project_breda\x64\debug\player.obj
c:\users\wouter\documents\breda_project\breda_project\project_breda\project_breda\x64\debug\intro.obj
c:\users\wouter\documents\breda_project\breda_project\project_breda\project_breda\x64\debug\health.obj
c:\users\wouter\documents\breda_project\breda_project\project_breda\project_breda\x64\debug\entity.obj
c:\users\wouter\documents\breda_project\breda_project\project_breda\project_breda\x64\debug\enemy.obj
c:\users\wouter\documents\breda_project\breda_project\project_breda\project_breda\x64\debug\background.obj
c:\users\wouter\documents\breda_project\breda_project\project_breda\project_breda\x64\debug\main.obj
c:\users\wouter\documents\breda_project\breda_project\project_breda\project_breda\x64\debug\project_breda.ilk
c:\users\wouter\documents\breda_project\breda_project\project_breda\x64\debug\project_breda.exe
c:\users\wouter\documents\breda_project\breda_project\project_breda\x64\debug\project_breda.pdb
c:\users\wouter\documents\breda_project\breda_project\project_breda\project_breda\x64\debug\project_breda.tlog\cl.command.1.tlog
c:\users\wouter\documents\breda_project\breda_project\project_breda\project_breda\x64\debug\project_breda.tlog\cl.read.1.tlog
c:\users\wouter\documents\breda_project\breda_project\project_breda\project_breda\x64\debug\project_breda.tlog\cl.write.1.tlog
c:\users\wouter\documents\breda_project\breda_project\project_breda\project_breda\x64\debug\project_breda.tlog\link.command.1.tlog
c:\users\wouter\documents\breda_project\breda_project\project_breda\project_breda\x64\debug\project_breda.tlog\link.read.1.tlog
c:\users\wouter\documents\breda_project\breda_project\project_breda\project_breda\x64\debug\project_breda.tlog\link.write.1.tlog
